------------------------------------------------------------------------------------
      name:  <unnamed>
       log:  C:\Users\willi\Documents\PLCY460\Output\ClassExample1.log
  log type:  text
 opened on:  27 Aug 2020, 17:56:03

. 
. *DATA: US Census 1940 1% Sample
. use "C:\Users\willi\Documents\PLCY460\Master Data\ClassExample1"

. 
. sum

    Variable |        Obs        Mean    Std. Dev.       Min        Max
-------------+---------------------------------------------------------
         sex |     10,000      1.2797    .4488742          1          2
     higrade |     10,000     12.2571    3.412618          1         20
     incwage |     10,000    1071.764    871.5086          1       5001

. tab higrade

        Highest grade of |
      schooling [general |
                version] |      Freq.     Percent        Cum.
-------------------------+-----------------------------------
                    None |        213        2.13        2.13
               1st grade |         34        0.34        2.47
               2nd grade |         77        0.77        3.24
               3rd grade |        106        1.06        4.30
               4th grade |        248        2.48        6.78
               5th grade |        271        2.71        9.49
               6th grade |        502        5.02       14.51
               7th grade |        529        5.29       19.80
               8th grade |      2,964       29.64       49.44
               9th grade |        702        7.02       56.46
              10th grade |        774        7.74       64.20
              11th grade |        498        4.98       69.18
              12th grade |      2,052       20.52       89.70
                1st year |        165        1.65       91.35
                2nd year |        230        2.30       93.65
                3rd year |        109        1.09       94.74
                4th year |        385        3.85       98.59
5th year or more (40-50) |        141        1.41      100.00
-------------------------+-----------------------------------
                   Total |     10,000      100.00

. sum incwage, detail

                   Wage and salary income
-------------------------------------------------------------
      Percentiles      Smallest
 1%           32              1
 5%          120              1
10%          200              1       Obs              10,000
25%          471              1       Sum of Wgt.      10,000

50%          900                      Mean           1071.764
                        Largest       Std. Dev.      871.5086
75%         1456           5001
90%         2080           5001       Variance       759527.3
95%         2600           5001       Skewness       1.852469
99%         5000           5001       Kurtosis       7.930782

. describe

Contains data from C:\Users\willi\Documents\PLCY460\Master Data\ClassExample1.dta
  obs:        10,000                          
 vars:             3                          29 Aug 2013 10:13
------------------------------------------------------------------------------------
              storage   display    value
variable name   type    format     label      variable label
------------------------------------------------------------------------------------
sex             byte    %8.0g      sex_lbl    Sex
higrade         byte    %24.0g     higrade_lbl
                                              Highest grade of schooling [general
                                                version]
incwage         long    %12.0g     incwage_lbl
                                              Wage and salary income
------------------------------------------------------------------------------------
Sorted by: 

. 
. gen female=1 if sex==2
(7,203 missing values generated)

. replace female=0 if sex==1
(7,203 real changes made)

. 
. recode higrade (1/14=1 "less HS") (15=2 "HS") (16/18=3 "Some College") (19=4 "Coll
> ege") (20=5 "College+"), gen(education)
(9787 differences between higrade and education)

. tab education

   RECODE of |
     higrade |
    (Highest |
    grade of |
   schooling |
    [general |
   version]) |      Freq.     Percent        Cum.
-------------+-----------------------------------
     less HS |      6,918       69.18       69.18
          HS |      2,052       20.52       89.70
Some College |        504        5.04       94.74
     College |        385        3.85       98.59
    College+ |        141        1.41      100.00
-------------+-----------------------------------
       Total |     10,000      100.00

. tab education, nolabel

  RECODE of |
    higrade |
   (Highest |
   grade of |
  schooling |
   [general |
  version]) |      Freq.     Percent        Cum.
------------+-----------------------------------
          1 |      6,918       69.18       69.18
          2 |      2,052       20.52       89.70
          3 |        504        5.04       94.74
          4 |        385        3.85       98.59
          5 |        141        1.41      100.00
------------+-----------------------------------
      Total |     10,000      100.00

. 
. save "C:\Users\willi\Documents\PLCY460\Cleaned Data\ClassExample1Cleaned.dta", rep
> lace
file C:\Users\willi\Documents\PLCY460\Cleaned Data\ClassExample1Cleaned.dta saved

. 
. sum incwage if female ==1

    Variable |        Obs        Mean    Std. Dev.       Min        Max
-------------+---------------------------------------------------------
     incwage |      2,797    701.4376    568.5712          1       5001

. sum incwage if female==0

    Variable |        Obs        Mean    Std. Dev.       Min        Max
-------------+---------------------------------------------------------
     incwage |      7,203    1215.565    924.6919          1       5001

. 
. corr higrade incwage
(obs=10,000)

             |  higrade  incwage
-------------+------------------
     higrade |   1.0000
     incwage |   0.2257   1.0000


. 
. twoway(scatter incwage higrade)

.  graph export "icnomegrade.pdf", replace
(file icnomegrade.pdf written in PDF format)

.  
.  log close
      name:  <unnamed>
       log:  C:\Users\willi\Documents\PLCY460\Output\ClassExample1.log
  log type:  text
 closed on:  27 Aug 2020, 17:56:03
------------------------------------------------------------------------------------
