-------------------------------------------------------------------------------------------------------------
      name:  <unnamed>
       log:  C:\Users\willi\Documents\PLCY460\Output\GW12.log
  log type:  text
 opened on:   1 Nov 2020, 15:49:13

. use "C:\Users\willi\Documents\PLCY460\Master Data\groupwork12"

. //12.1
. regress home_attend losses

      Source |       SS           df       MS      Number of obs   =       838
-------------+----------------------------------   F(1, 836)       =     81.80
       Model |  4.2619e+13         1  4.2619e+13   Prob > F        =    0.0000
    Residual |  4.3560e+14       836  5.2105e+11   R-squared       =    0.0891
-------------+----------------------------------   Adj R-squared   =    0.0880
       Total |  4.7821e+14       837  5.7134e+11   Root MSE        =    7.2e+05

------------------------------------------------------------------------------
 home_attend |      Coef.   Std. Err.      t    P>|t|     [95% Conf. Interval]
-------------+----------------------------------------------------------------
      losses |  -17841.21   1972.693    -9.04   0.000    -21713.22   -13969.19
       _cons |    3185235   157583.2    20.21   0.000      2875930     3494541
------------------------------------------------------------------------------

. // losses have a negative impact on attendence
. gen loss2 =losses^2

. regress home_attend losses loss2

      Source |       SS           df       MS      Number of obs   =       838
-------------+----------------------------------   F(2, 835)       =     63.12
       Model |  6.2801e+13         2  3.1401e+13   Prob > F        =    0.0000
    Residual |  4.1541e+14       835  4.9750e+11   R-squared       =    0.1313
-------------+----------------------------------   Adj R-squared   =    0.1292
       Total |  4.7821e+14       837  5.7134e+11   Root MSE        =    7.1e+05

------------------------------------------------------------------------------
 home_attend |      Coef.   Std. Err.      t    P>|t|     [95% Conf. Interval]
-------------+----------------------------------------------------------------
      losses |   89688.45   16992.56     5.28   0.000     56335.29    123041.6
       loss2 |  -695.8079   109.2465    -6.37   0.000    -910.2379   -481.3779
       _cons |  -856184.5   652946.1    -1.31   0.190     -2137793    425424.1
------------------------------------------------------------------------------

. // at 80 losses
. //-856184.5+(89688.45* 80)-(695.80*80^2)
. // at 20 losses
. //-856184.5+(89688.45* 20)-(695.80*20^2)
. // it seems like the more losses the larger attendence past a certain point?
. regress home_attend losses

      Source |       SS           df       MS      Number of obs   =       838
-------------+----------------------------------   F(1, 836)       =     81.80
       Model |  4.2619e+13         1  4.2619e+13   Prob > F        =    0.0000
    Residual |  4.3560e+14       836  5.2105e+11   R-squared       =    0.0891
-------------+----------------------------------   Adj R-squared   =    0.0880
       Total |  4.7821e+14       837  5.7134e+11   Root MSE        =    7.2e+05

------------------------------------------------------------------------------
 home_attend |      Coef.   Std. Err.      t    P>|t|     [95% Conf. Interval]
-------------+----------------------------------------------------------------
      losses |  -17841.21   1972.693    -9.04   0.000    -21713.22   -13969.19
       _cons |    3185235   157583.2    20.21   0.000      2875930     3494541
------------------------------------------------------------------------------

. //log linear
. gen lnhome = log(home_attend)

. regress lnhome losses

      Source |       SS           df       MS      Number of obs   =       838
-------------+----------------------------------   F(1, 836)       =     90.58
       Model |  16.6908773         1  16.6908773   Prob > F        =    0.0000
    Residual |  154.050216       836  .184270594   R-squared       =    0.0978
-------------+----------------------------------   Adj R-squared   =    0.0967
       Total |  170.741094       837  .203991749   Root MSE        =    .42927

------------------------------------------------------------------------------
      lnhome |      Coef.   Std. Err.      t    P>|t|     [95% Conf. Interval]
-------------+----------------------------------------------------------------
      losses |   -.011165   .0011731    -9.52   0.000    -.0134677   -.0088624
       _cons |   15.17594   .0937129   161.94   0.000       14.992    15.35988
------------------------------------------------------------------------------

. //linear log
. gen lnlosses = log(losses)

. regress home_attend lnlosses

      Source |       SS           df       MS      Number of obs   =       838
-------------+----------------------------------   F(1, 836)       =     65.14
       Model |  3.4566e+13         1  3.4566e+13   Prob > F        =    0.0000
    Residual |  4.4365e+14       836  5.3068e+11   R-squared       =    0.0723
-------------+----------------------------------   Adj R-squared   =    0.0712
       Total |  4.7821e+14       837  5.7134e+11   Root MSE        =    7.3e+05

------------------------------------------------------------------------------
 home_attend |      Coef.   Std. Err.      t    P>|t|     [95% Conf. Interval]
-------------+----------------------------------------------------------------
    lnlosses |   -1196403   148240.6    -8.07   0.000     -1487370   -905435.2
       _cons |    6987234   645942.5    10.82   0.000      5719375     8255094
------------------------------------------------------------------------------

. // log log
. regress lnhome lnlosses

      Source |       SS           df       MS      Number of obs   =       838
-------------+----------------------------------   F(1, 836)       =     70.60
       Model |  13.2964307         1  13.2964307   Prob > F        =    0.0000
    Residual |  157.444663       836  .188330936   R-squared       =    0.0779
-------------+----------------------------------   Adj R-squared   =    0.0768
       Total |  170.741094       837  .203991749   Root MSE        =    .43397

------------------------------------------------------------------------------
      lnhome |      Coef.   Std. Err.      t    P>|t|     [95% Conf. Interval]
-------------+----------------------------------------------------------------
    lnlosses |  -.7420245   .0883103    -8.40   0.000    -.9153606   -.5686885
       _cons |   17.52612    .384803    45.55   0.000     16.77083    18.28142
------------------------------------------------------------------------------

. 
. 
. // 12.2
. regress home_attend runs_scored runs_allowed losses

      Source |       SS           df       MS      Number of obs   =       838
-------------+----------------------------------   F(3, 834)       =    121.71
       Model |  1.4561e+14         3  4.8538e+13   Prob > F        =    0.0000
    Residual |  3.3260e+14       834  3.9880e+11   R-squared       =    0.3045
-------------+----------------------------------   Adj R-squared   =    0.3020
       Total |  4.7821e+14       837  5.7134e+11   Root MSE        =    6.3e+05

------------------------------------------------------------------------------
 home_attend |      Coef.   Std. Err.      t    P>|t|     [95% Conf. Interval]
-------------+----------------------------------------------------------------
 runs_scored |   3749.819    370.932    10.11   0.000     3021.749    4477.889
runs_allowed |  -617.6498   470.3543    -1.31   0.189    -1540.867    305.5675
      losses |  -10950.77   3255.623    -3.36   0.001    -17340.94    -4560.59
       _cons |   465044.9   236028.3     1.97   0.049     1765.541    928324.3
------------------------------------------------------------------------------

. testparm runs_scored runs_allowed

 ( 1)  runs_scored = 0
 ( 2)  runs_allowed = 0

       F(  2,   834) =  129.13
            Prob > F =    0.0000

. regress home_attend losses

      Source |       SS           df       MS      Number of obs   =       838
-------------+----------------------------------   F(1, 836)       =     81.80
       Model |  4.2619e+13         1  4.2619e+13   Prob > F        =    0.0000
    Residual |  4.3560e+14       836  5.2105e+11   R-squared       =    0.0891
-------------+----------------------------------   Adj R-squared   =    0.0880
       Total |  4.7821e+14       837  5.7134e+11   Root MSE        =    7.2e+05

------------------------------------------------------------------------------
 home_attend |      Coef.   Std. Err.      t    P>|t|     [95% Conf. Interval]
-------------+----------------------------------------------------------------
      losses |  -17841.21   1972.693    -9.04   0.000    -21713.22   -13969.19
       _cons |    3185235   157583.2    20.21   0.000      2875930     3494541
------------------------------------------------------------------------------

. // the inclusion of other variables doe snot significantly improve the fit of the model.
. // F test by hand:
. // F= (R^2/k)/((1-r^2)/(n-k-1))
. // R^2 =.0775 k=3 n=710
. // F= (.0775/3)/((1-.0775)/(710-3-1)) =19.77
. //we can reject the null as F stast is greatere than critical value
. 
end of do-file

. exit, clear
