--------------------------------------------------------------------------
      name:  <unnamed>
       log:  C:\Users\willi\Documents\PLCY460\Output\GW6.log
  log type:  text
 opened on:  18 Sep 2020, 13:52:36

. use "C:\Users\willi\Documents\PLCY460\Master Data\groupwork6"

. 
. reg momed79 wage96

      Source |       SS           df       MS      Number of obs   =     6
> ,530
-------------+----------------------------------   F(1, 6528)      =     4
> 2.27
       Model |  435.303895         1  435.303895   Prob > F        =    0.
> 0000
    Residual |  67227.2721     6,528  10.2982954   R-squared       =    0.
> 0064
-------------+----------------------------------   Adj R-squared   =    0.
> 0063
       Total |   67662.576     6,529  10.3633904   Root MSE        =    3.
> 2091

--------------------------------------------------------------------------
> ----
     momed79 |      Coef.   Std. Err.      t    P>|t|     [95% Conf. Inter
> val]
-------------+------------------------------------------------------------
> ----
      wage96 |   .0092653   .0014251     6.50   0.000     .0064716    .012
> 0589
       _cons |   10.77488   .0446127   241.52   0.000     10.68743    10.8
> 6234
--------------------------------------------------------------------------
> ----

. graph twoway (lfit wage96 momed79) 

. reg wage96 momed79, beta

      Source |       SS           df       MS      Number of obs   =     6
> ,530
-------------+----------------------------------   F(1, 6528)      =     4
> 2.27
       Model |  32622.6608         1  32622.6608   Prob > F        =    0.
> 0000
    Residual |  5038164.19     6,528  771.777602   R-squared       =    0.
> 0064
-------------+----------------------------------   Adj R-squared   =    0.
> 0063
       Total |  5070786.85     6,529  776.655973   Root MSE        =    27
> .781

--------------------------------------------------------------------------
> ----
      wage96 |      Coef.   Std. Err.      t    P>|t|                     
> Beta
-------------+------------------------------------------------------------
> ----
     momed79 |   .6943612   .1068001     6.50   0.000                 .080
> 2088
       _cons |   6.690678   1.214545     5.51   0.000                     
>    .
--------------------------------------------------------------------------
> ----

. 
end of do-file

. exit, clear
