----------------------------------------------------------------------------------------------------------------------------
      name:  <unnamed>
       log:  C:\Users\willi\Documents\PLCY460\Output\GW7.log
  log type:  text
 opened on:  24 Sep 2020, 20:57:21

. use "C:\Users\willi\Documents\PLCY460\Master Data\groupwork7"

. 
. reg r10iearn raedyrs

      Source |       SS           df       MS      Number of obs   =     7,759
-------------+----------------------------------   F(1, 7757)      =    624.23
       Model |  1.6680e+12         1  1.6680e+12   Prob > F        =    0.0000
    Residual |  2.0727e+13     7,757  2.6721e+09   R-squared       =    0.0745
-------------+----------------------------------   Adj R-squared   =    0.0744
       Total |  2.2395e+13     7,758  2.8867e+09   Root MSE        =     51692

------------------------------------------------------------------------------
    r10iearn |      Coef.   Std. Err.      t    P>|t|     [95% Conf. Interval]
-------------+----------------------------------------------------------------
     raedyrs |    5287.56   211.6335    24.98   0.000     4872.701    5702.418
       _cons |  -26407.95   2915.857    -9.06   0.000    -32123.82   -20692.08
------------------------------------------------------------------------------

. 
. twoway lfit r10iearn raedyrs

. 
. reg r10iearn raedyrs r10nsscre

      Source |       SS           df       MS      Number of obs   =     7,759
-------------+----------------------------------   F(2, 7756)      =    373.28
       Model |  1.9664e+12         2  9.8319e+11   Prob > F        =    0.0000
    Residual |  2.0429e+13     7,756  2.6339e+09   R-squared       =    0.0878
-------------+----------------------------------   Adj R-squared   =    0.0876
       Total |  2.2395e+13     7,758  2.8867e+09   Root MSE        =     51322

------------------------------------------------------------------------------
    r10iearn |      Coef.   Std. Err.      t    P>|t|     [95% Conf. Interval]
-------------+----------------------------------------------------------------
     raedyrs |   4124.806   236.8195    17.42   0.000     3660.576    4589.036
   r10nsscre |   172.6509   16.22077    10.64   0.000     140.8538     204.448
       _cons |  -97990.75   7321.917   -13.38   0.000    -112343.7   -83637.82
------------------------------------------------------------------------------

. 
. regress r10nsscre raedyrs

      Source |       SS           df       MS      Number of obs   =     7,759
-------------+----------------------------------   F(1, 7757)      =   2096.75
       Model |  2705942.14         1  2705942.14   Prob > F        =    0.0000
    Residual |  10010704.3     7,757  1290.53813   R-squared       =    0.2128
-------------+----------------------------------   Adj R-squared   =    0.2127
       Total |  12716646.4     7,758  1639.16556   Root MSE        =    35.924

------------------------------------------------------------------------------
   r10nsscre |      Coef.   Std. Err.      t    P>|t|     [95% Conf. Interval]
-------------+----------------------------------------------------------------
     raedyrs |   6.734712   .1470771    45.79   0.000     6.446401    7.023023
       _cons |   414.6101   2.026409   204.60   0.000     410.6378    418.5824
------------------------------------------------------------------------------

. 
. sum raedyrs

    Variable |        Obs        Mean    Std. Dev.       Min        Max
-------------+---------------------------------------------------------
     raedyrs |      7,759    13.49594    2.773099          0         17

. sum r10iearn

    Variable |        Obs        Mean    Std. Dev.       Min        Max
-------------+---------------------------------------------------------
    r10iearn |      7,759    44952.64    53728.34         20    1400000

. sum r10nsscre

    Variable |        Obs        Mean    Std. Dev.       Min        Max
-------------+---------------------------------------------------------
   r10nsscre |      7,759    505.5014    40.48661      390.2      579.6

. 
. 
. 
end of do-file

