----------------------------------------------------------------------------------------
      name:  <unnamed>
       log:  C:\Users\willi\Documents\PLCY460\Output\GW9.log
  log type:  text
 opened on:  11 Oct 2020, 15:19:16

. use "C:\Users\willi\Documents\PLCY460\Master Data\groupwork9"

. 
. regress Amount MPHover

      Source |       SS           df       MS      Number of obs   =    31,674
-------------+----------------------------------   F(1, 31672)     =  32000.25
       Model |  50357343.4         1  50357343.4   Prob > F        =    0.0000
    Residual |  49840792.6    31,672  1573.65473   R-squared       =    0.5026
-------------+----------------------------------   Adj R-squared   =    0.5026
       Total |   100198136    31,673  3163.51896   Root MSE        =    39.669

------------------------------------------------------------------------------
      Amount |      Coef.   Std. Err.      t    P>|t|     [95% Conf. Interval]
-------------+----------------------------------------------------------------
     MPHover |   6.886248   .0384951   178.89   0.000     6.810796      6.9617
       _cons |   4.422641   .6942171     6.37   0.000     3.061949    5.783334
------------------------------------------------------------------------------

. *Amount = 6.89MPHover+4.42
. 
. regress Amount MPHover Black

      Source |       SS           df       MS      Number of obs   =    31,674
-------------+----------------------------------   F(2, 31671)     =  16003.13
       Model |  50362838.7         2  25181419.4   Prob > F        =    0.0000
    Residual |  49835297.2    31,671   1573.5309   R-squared       =    0.5026
-------------+----------------------------------   Adj R-squared   =    0.5026
       Total |   100198136    31,673  3163.51896   Root MSE        =    39.668

------------------------------------------------------------------------------
      Amount |      Coef.   Std. Err.      t    P>|t|     [95% Conf. Interval]
-------------+----------------------------------------------------------------
     MPHover |   6.889321   .0385287   178.81   0.000     6.813803    6.964839
       Black |  -1.899738   1.016558    -1.87   0.062     -3.89223    .0927553
       _cons |   4.466536   .6945871     6.43   0.000     3.105118    5.827954
------------------------------------------------------------------------------

. *it seems like African Americans get smaller tickets
. 
. * just to check if anything was missng
. gen black2 =Black if Black != .

. regress Amount MPHover black2

      Source |       SS           df       MS      Number of obs   =    31,674
-------------+----------------------------------   F(2, 31671)     =  16003.13
       Model |  50362838.7         2  25181419.4   Prob > F        =    0.0000
    Residual |  49835297.2    31,671   1573.5309   R-squared       =    0.5026
-------------+----------------------------------   Adj R-squared   =    0.5026
       Total |   100198136    31,673  3163.51896   Root MSE        =    39.668

------------------------------------------------------------------------------
      Amount |      Coef.   Std. Err.      t    P>|t|     [95% Conf. Interval]
-------------+----------------------------------------------------------------
     MPHover |   6.889321   .0385287   178.81   0.000     6.813803    6.964839
      black2 |  -1.899738   1.016558    -1.87   0.062     -3.89223    .0927553
       _cons |   4.466536   .6945871     6.43   0.000     3.105118    5.827954
------------------------------------------------------------------------------

. * confirms that African Americans get smaller fines
. 
. regress Amount MPHover Hispanic

      Source |       SS           df       MS      Number of obs   =    31,674
-------------+----------------------------------   F(2, 31671)     =  16004.65
       Model |  50365211.5         2  25182605.7   Prob > F        =    0.0000
    Residual |  49832924.5    31,671  1573.45599   R-squared       =    0.5027
-------------+----------------------------------   Adj R-squared   =    0.5026
       Total |   100198136    31,673  3163.51896   Root MSE        =    39.667

------------------------------------------------------------------------------
      Amount |      Coef.   Std. Err.      t    P>|t|     [95% Conf. Interval]
-------------+----------------------------------------------------------------
     MPHover |   6.883828   .0385079   178.76   0.000     6.808351    6.959305
    Hispanic |   2.357934   1.054444     2.24   0.025     .2911825    4.424686
       _cons |   4.353335   .6948648     6.27   0.000     2.991373    5.715297
------------------------------------------------------------------------------

. regress Amount MPHover Black Hispanic

      Source |       SS           df       MS      Number of obs   =    31,674
-------------+----------------------------------   F(3, 31670)     =  10671.49
       Model |  50370050.7         3  16790016.9   Prob > F        =    0.0000
    Residual |  49828085.3    31,670  1573.35287   R-squared       =    0.5027
-------------+----------------------------------   Adj R-squared   =    0.5027
       Total |   100198136    31,673  3163.51896   Root MSE        =    39.666

------------------------------------------------------------------------------
      Amount |      Coef.   Std. Err.      t    P>|t|     [95% Conf. Interval]
-------------+----------------------------------------------------------------
     MPHover |   6.886816   .0385443   178.67   0.000     6.811268    6.962365
       Black |  -1.785191   1.017907    -1.75   0.079    -3.780329    .2099468
    Hispanic |   2.260605   1.055869     2.14   0.032     .1910599    4.330149
       _cons |   4.397444   .6952971     6.32   0.000     3.034635    5.760253
------------------------------------------------------------------------------

. * it slightly altered the data for black and hispanics have a higher cost for mph than
>  black
. 
. gen Hispanic2 = Hispanic if Hispanic!= .

. regress Amount MPHover Black Hispanic2

      Source |       SS           df       MS      Number of obs   =    31,674
-------------+----------------------------------   F(3, 31670)     =  10671.49
       Model |  50370050.7         3  16790016.9   Prob > F        =    0.0000
    Residual |  49828085.3    31,670  1573.35287   R-squared       =    0.5027
-------------+----------------------------------   Adj R-squared   =    0.5027
       Total |   100198136    31,673  3163.51896   Root MSE        =    39.666

------------------------------------------------------------------------------
      Amount |      Coef.   Std. Err.      t    P>|t|     [95% Conf. Interval]
-------------+----------------------------------------------------------------
     MPHover |   6.886816   .0385443   178.67   0.000     6.811268    6.962365
       Black |  -1.785191   1.017907    -1.75   0.079    -3.780329    .2099468
   Hispanic2 |   2.260605   1.055869     2.14   0.032     .1910599    4.330149
       _cons |   4.397444   .6952971     6.32   0.000     3.034635    5.760253
------------------------------------------------------------------------------

. *confirms that ticket price changes by mph less than average but more than blacks
. 
. regress Amount MPHover OutTown

      Source |       SS           df       MS      Number of obs   =    31,674
-------------+----------------------------------   F(2, 31671)     =  16115.34
       Model |  50537859.6         2  25268929.8   Prob > F        =    0.0000
    Residual |  49660276.3    31,671  1568.00468   R-squared       =    0.5044
-------------+----------------------------------   Adj R-squared   =    0.5043
       Total |   100198136    31,673  3163.51896   Root MSE        =    39.598

------------------------------------------------------------------------------
      Amount |      Coef.   Std. Err.      t    P>|t|     [95% Conf. Interval]
-------------+----------------------------------------------------------------
     MPHover |      6.891   .0384285   179.32   0.000     6.815678    6.966321
     OutTown |   6.639993   .6188467    10.73   0.000     5.427029    7.852956
       _cons |  -1.285555    .873633    -1.47   0.141    -2.997909       .4268
------------------------------------------------------------------------------

. regress Amount MPHover Black Hispanic OutTown

      Source |       SS           df       MS      Number of obs   =    31,674
-------------+----------------------------------   F(4, 31669)     =   8062.23
       Model |  50553625.5         4  12638406.4   Prob > F        =    0.0000
    Residual |  49644510.5    31,669  1567.60588   R-squared       =    0.5045
-------------+----------------------------------   Adj R-squared   =    0.5045
       Total |   100198136    31,673  3163.51896   Root MSE        =    39.593

------------------------------------------------------------------------------
      Amount |      Coef.   Std. Err.      t    P>|t|     [95% Conf. Interval]
-------------+----------------------------------------------------------------
     MPHover |   6.891108   .0384759   179.10   0.000     6.815694    6.966522
       Black |  -1.755558    1.01605    -1.73   0.084    -3.747056    .2359404
    Hispanic |   2.705079   1.054739     2.56   0.010      .637749    4.772408
     OutTown |   6.701091   .6192378    10.82   0.000     5.487361    7.914821
       _cons |  -1.377025   .8754495    -1.57   0.116     -3.09294    .3388903
------------------------------------------------------------------------------

. * out of town has a slightly less ticket cost than average
. 
. *ttest
. ttest Amount, by(Female)

Two-sample t test with equal variances
------------------------------------------------------------------------------
   Group |     Obs        Mean    Std. Err.   Std. Dev.   [95% Conf. Interval]
---------+--------------------------------------------------------------------
       0 |  21,173    124.6654    .4005504    58.28387    123.8803    125.4505
       1 |  10,501     116.726    .5024343    51.48665    115.7412    117.7109
---------+--------------------------------------------------------------------
combined |  31,674    122.0332     .316034    56.24517    121.4138    122.6527
---------+--------------------------------------------------------------------
    diff |            7.939397    .6698475                 6.62647    9.252324
------------------------------------------------------------------------------
    diff = mean(0) - mean(1)                                      t =  11.8525
Ho: diff = 0                                     degrees of freedom =    31672

    Ha: diff < 0                 Ha: diff != 0                 Ha: diff > 0
 Pr(T < t) = 1.0000         Pr(|T| > |t|) = 0.0000          Pr(T > t) = 0.0000

. * Females get charged more for tickets and this is statistically significant
. 
. sum Amount if Female==0

    Variable |        Obs        Mean    Std. Dev.       Min        Max
-------------+---------------------------------------------------------
      Amount |     21,173    124.6654    58.28387          3        725

. sum Amount if Female==1

    Variable |        Obs        Mean    Std. Dev.       Min        Max
-------------+---------------------------------------------------------
      Amount |     10,501     116.726    51.48665         10        425

. /*
> by hand 
> 
> t=(124.67-116.73)/sqrt((58.28^2/21173)+(51.49^2/10501))
> = 7.94/.6698  =11.85
> 
> */
. *end 9.1
. 
. 
. *begin 9.2
. regress Amount Female

      Source |       SS           df       MS      Number of obs   =    31,674
-------------+----------------------------------   F(1, 31672)     =    140.48
       Model |   442471.36         1   442471.36   Prob > F        =    0.0000
    Residual |  99755664.6    31,672  3149.64842   R-squared       =    0.0044
-------------+----------------------------------   Adj R-squared   =    0.0044
       Total |   100198136    31,673  3163.51896   Root MSE        =    56.122

------------------------------------------------------------------------------
      Amount |      Coef.   Std. Err.      t    P>|t|     [95% Conf. Interval]
-------------+----------------------------------------------------------------
      Female |  -7.939397   .6698475   -11.85   0.000    -9.252324    -6.62647
       _cons |   124.6654   .3856913   323.23   0.000     123.9095    125.4214
------------------------------------------------------------------------------

. regress Amount MPHover Female

      Source |       SS           df       MS      Number of obs   =    31,674
-------------+----------------------------------   F(2, 31671)     =  16056.10
       Model |  50445616.4         2  25222808.2   Prob > F        =    0.0000
    Residual |  49752519.6    31,671  1570.91723   R-squared       =    0.5035
-------------+----------------------------------   Adj R-squared   =    0.5034
       Total |   100198136    31,673  3163.51896   Root MSE        =    39.635

------------------------------------------------------------------------------
      Amount |      Coef.   Std. Err.      t    P>|t|     [95% Conf. Interval]
-------------+----------------------------------------------------------------
     MPHover |   6.871257   .0385136   178.41   0.000     6.795768    6.946745
      Female |  -3.550955   .4737049    -7.50   0.000    -4.479435   -2.622475
       _cons |   5.855936   .7194847     8.14   0.000     4.445718    7.266154
------------------------------------------------------------------------------

. 
. gen male = Female if Female==0
(26,672 missing values generated)

. gen female2  = Female if Female ==1
(41,685 missing values generated)

. 
. regress Amount male
note: male omitted because of collinearity

      Source |       SS           df       MS      Number of obs   =    21,173
-------------+----------------------------------   F(0, 21172)     =      0.00
       Model |           0         0           .   Prob > F        =         .
    Residual |  71921473.9    21,172  3397.00897   R-squared       =    0.0000
-------------+----------------------------------   Adj R-squared   =    0.0000
       Total |  71921473.9    21,172  3397.00897   Root MSE        =    58.284

------------------------------------------------------------------------------
      Amount |      Coef.   Std. Err.      t    P>|t|     [95% Conf. Interval]
-------------+----------------------------------------------------------------
        male |          0  (omitted)
       _cons |   124.6654   .4005504   311.24   0.000     123.8803    125.4505
------------------------------------------------------------------------------

. regress Amount MPHover male
note: male omitted because of collinearity

      Source |       SS           df       MS      Number of obs   =    21,173
-------------+----------------------------------   F(1, 21171)     =  23936.32
       Model |  38165319.3         1  38165319.3   Prob > F        =    0.0000
    Residual |  33756154.5    21,171  1594.45253   R-squared       =    0.5307
-------------+----------------------------------   Adj R-squared   =    0.5306
       Total |  71921473.9    21,172  3397.00897   Root MSE        =    39.931

------------------------------------------------------------------------------
      Amount |      Coef.   Std. Err.      t    P>|t|     [95% Conf. Interval]
-------------+----------------------------------------------------------------
     MPHover |   7.090826   .0458319   154.71   0.000     7.000992     7.18066
        male |          0  (omitted)
       _cons |   2.059412    .838639     2.46   0.014     .4156155    3.703208
------------------------------------------------------------------------------

. 
. regress Amount female2
note: female2 omitted because of collinearity

      Source |       SS           df       MS      Number of obs   =    10,501
-------------+----------------------------------   F(0, 10500)     =      0.00
       Model |           0         0           .   Prob > F        =         .
    Residual |  27834190.8    10,500  2650.87531   R-squared       =    0.0000
-------------+----------------------------------   Adj R-squared   =    0.0000
       Total |  27834190.8    10,500  2650.87531   Root MSE        =    51.487

------------------------------------------------------------------------------
      Amount |      Coef.   Std. Err.      t    P>|t|     [95% Conf. Interval]
-------------+----------------------------------------------------------------
     female2 |          0  (omitted)
       _cons |    116.726   .5024343   232.32   0.000     115.7412    117.7109
------------------------------------------------------------------------------

. regress Amount MPHover female2
note: female2 omitted because of collinearity

      Source |       SS           df       MS      Number of obs   =    10,501
-------------+----------------------------------   F(1, 10499)     =   7918.33
       Model |  11967008.2         1  11967008.2   Prob > F        =    0.0000
    Residual |  15867182.6    10,499  1511.30418   R-squared       =    0.4299
-------------+----------------------------------   Adj R-squared   =    0.4299
       Total |  27834190.8    10,500  2650.87531   Root MSE        =    38.875

------------------------------------------------------------------------------
      Amount |      Coef.   Std. Err.      t    P>|t|     [95% Conf. Interval]
-------------+----------------------------------------------------------------
     MPHover |   6.315727   .0709752    88.99   0.000     6.176602    6.454851
     female2 |          0  (omitted)
       _cons |   11.55574   1.241281     9.31   0.000      9.12259    13.98888
------------------------------------------------------------------------------

. * it would appear that men get a higher costing ticket (constant is higher for men tha
> n women)
. 
. gen fmph = Female+MPHover

. regress Amount MPHover Female fmph
note: fmph omitted because of collinearity

      Source |       SS           df       MS      Number of obs   =    31,674
-------------+----------------------------------   F(2, 31671)     =  16056.10
       Model |  50445616.4         2  25222808.2   Prob > F        =    0.0000
    Residual |  49752519.6    31,671  1570.91723   R-squared       =    0.5035
-------------+----------------------------------   Adj R-squared   =    0.5034
       Total |   100198136    31,673  3163.51896   Root MSE        =    39.635

------------------------------------------------------------------------------
      Amount |      Coef.   Std. Err.      t    P>|t|     [95% Conf. Interval]
-------------+----------------------------------------------------------------
     MPHover |   6.871257   .0385136   178.41   0.000     6.795768    6.946745
      Female |  -3.550955   .4737049    -7.50   0.000    -4.479435   -2.622475
        fmph |          0  (omitted)
       _cons |   5.855936   .7194847     8.14   0.000     4.445718    7.266154
------------------------------------------------------------------------------

. *why is my fmph omitted?
. 
. gen blackage = Black+Age

. regress Amount Age Black blackage
note: Black omitted because of collinearity

      Source |       SS           df       MS      Number of obs   =    31,674
-------------+----------------------------------   F(2, 31671)     =     75.50
       Model |  475460.938         2  237730.469   Prob > F        =    0.0000
    Residual |  99722675.1    31,671  3148.70623   R-squared       =    0.0047
-------------+----------------------------------   Adj R-squared   =    0.0047
       Total |   100198136    31,673  3163.51896   Root MSE        =    56.113

------------------------------------------------------------------------------
      Amount |      Coef.   Std. Err.      t    P>|t|     [95% Conf. Interval]
-------------+----------------------------------------------------------------
         Age |  -5.781981    1.43671    -4.02   0.000    -8.597989   -2.965973
       Black |          0  (omitted)
    blackage |    5.49478   1.437038     3.82   0.000      2.67813    8.311431
       _cons |   131.3586   .8909657   147.43   0.000     129.6123    133.1049
------------------------------------------------------------------------------

. * now it omits black?
. * as age goes up ticket prices increase for black whereas it decreases for nonblack
. 
end of do-file

. save "C:\Users\willi\Documents\PLCY460\Cleaned Data\GW9-cleaned.dta"
file C:\Users\willi\Documents\PLCY460\Cleaned Data\GW9-cleaned.dta saved

. exit
