----------------------------------------------------------------------------------
      name:  <unnamed>
       log:  C:\Users\willi\Documents\PLCY460\Output\Quiz7.log
  log type:  text
 opened on:  16 Oct 2020, 12:37:44

. use "C:\Users\willi\Documents\PLCY460\Master Data\Quiz7"

. 
. 
. regress income_2017 faminc_1997 mom_ba

      Source |       SS           df       MS      Number of obs   =     2,164
-------------+----------------------------------   F(2, 2161)      =     65.62
       Model |  2.8365e+11         2  1.4182e+11   Prob > F        =    0.0000
    Residual |  4.6708e+12     2,161  2.1614e+09   R-squared       =    0.0573
-------------+----------------------------------   Adj R-squared   =    0.0564
       Total |  4.9545e+12     2,163  2.2905e+09   Root MSE        =     46491

------------------------------------------------------------------------------
 income_2017 |      Coef.   Std. Err.      t    P>|t|     [95% Conf. Interval]
-------------+----------------------------------------------------------------
 faminc_1997 |   .2014911   .0243234     8.28   0.000     .1537915    .2491908
      mom_ba |   10313.86   2322.227     4.44   0.000     5759.828    14867.89
       _cons |   46643.99   1631.121    28.60   0.000     43445.26    49842.72
------------------------------------------------------------------------------

. 
. regress income_2017 mom_ba

      Source |       SS           df       MS      Number of obs   =     2,164
-------------+----------------------------------   F(1, 2162)      =     60.71
       Model |  1.3533e+11         1  1.3533e+11   Prob > F        =    0.0000
    Residual |  4.8191e+12     2,162  2.2290e+09   R-squared       =    0.0273
-------------+----------------------------------   Adj R-squared   =    0.0269
       Total |  4.9545e+12     2,163  2.2905e+09   Root MSE        =     47212

------------------------------------------------------------------------------
 income_2017 |      Coef.   Std. Err.      t    P>|t|     [95% Conf. Interval]
-------------+----------------------------------------------------------------
      mom_ba |   17168.75   2203.459     7.79   0.000     12847.63    21489.87
       _cons |   55803.13   1217.803    45.82   0.000     53414.94    58191.32
------------------------------------------------------------------------------

.  *#2: there is a positive relationship between income and mother earning a ba
.  
. 
. regress income_2017 faminc_1997 mom_ba

      Source |       SS           df       MS      Number of obs   =     2,164
-------------+----------------------------------   F(2, 2161)      =     65.62
       Model |  2.8365e+11         2  1.4182e+11   Prob > F        =    0.0000
    Residual |  4.6708e+12     2,161  2.1614e+09   R-squared       =    0.0573
-------------+----------------------------------   Adj R-squared   =    0.0564
       Total |  4.9545e+12     2,163  2.2905e+09   Root MSE        =     46491

------------------------------------------------------------------------------
 income_2017 |      Coef.   Std. Err.      t    P>|t|     [95% Conf. Interval]
-------------+----------------------------------------------------------------
 faminc_1997 |   .2014911   .0243234     8.28   0.000     .1537915    .2491908
      mom_ba |   10313.86   2322.227     4.44   0.000     5759.828    14867.89
       _cons |   46643.99   1631.121    28.60   0.000     43445.26    49842.72
------------------------------------------------------------------------------

.  *#3 family income has a positive relationship with income albeit a small one 
.  
.  *#4
. *  B1^OmitX2 = B1+B2delta
. *assuming mom_ba is B1 based of the question wording
. regress income_2017 mom_ba

      Source |       SS           df       MS      Number of obs   =     2,164
-------------+----------------------------------   F(1, 2162)      =     60.71
       Model |  1.3533e+11         1  1.3533e+11   Prob > F        =    0.0000
    Residual |  4.8191e+12     2,162  2.2290e+09   R-squared       =    0.0273
-------------+----------------------------------   Adj R-squared   =    0.0269
       Total |  4.9545e+12     2,163  2.2905e+09   Root MSE        =     47212

------------------------------------------------------------------------------
 income_2017 |      Coef.   Std. Err.      t    P>|t|     [95% Conf. Interval]
-------------+----------------------------------------------------------------
      mom_ba |   17168.75   2203.459     7.79   0.000     12847.63    21489.87
       _cons |   55803.13   1217.803    45.82   0.000     53414.94    58191.32
------------------------------------------------------------------------------

. regress income_2017 faminc_1997 mom_ba

      Source |       SS           df       MS      Number of obs   =     2,164
-------------+----------------------------------   F(2, 2161)      =     65.62
       Model |  2.8365e+11         2  1.4182e+11   Prob > F        =    0.0000
    Residual |  4.6708e+12     2,161  2.1614e+09   R-squared       =    0.0573
-------------+----------------------------------   Adj R-squared   =    0.0564
       Total |  4.9545e+12     2,163  2.2905e+09   Root MSE        =     46491

------------------------------------------------------------------------------
 income_2017 |      Coef.   Std. Err.      t    P>|t|     [95% Conf. Interval]
-------------+----------------------------------------------------------------
 faminc_1997 |   .2014911   .0243234     8.28   0.000     .1537915    .2491908
      mom_ba |   10313.86   2322.227     4.44   0.000     5759.828    14867.89
       _cons |   46643.99   1631.121    28.60   0.000     43445.26    49842.72
------------------------------------------------------------------------------

.  *B1^OmitX2=17168.75    B1=10313.86
.  * B1^OmitX2 >b1 so there is positive bias
.  * 17168.75=10313.86+B2delta
.  * 17168.75=10313.86+.20delta
.  regress income_2017 faminc_1997

      Source |       SS           df       MS      Number of obs   =     2,164
-------------+----------------------------------   F(1, 2162)      =    110.55
       Model |  2.4101e+11         1  2.4101e+11   Prob > F        =    0.0000
    Residual |  4.7134e+12     2,162  2.1801e+09   R-squared       =    0.0486
-------------+----------------------------------   Adj R-squared   =    0.0482
       Total |  4.9545e+12     2,163  2.2905e+09   Root MSE        =     46692

------------------------------------------------------------------------------
 income_2017 |      Coef.   Std. Err.      t    P>|t|     [95% Conf. Interval]
-------------+----------------------------------------------------------------
 faminc_1997 |   .2399861   .0228249    10.51   0.000      .195225    .2847472
       _cons |    47644.5   1622.471    29.37   0.000     44462.74    50826.27
------------------------------------------------------------------------------

.   *B1^OmitX2=17168.75    B1=10313.86
.  * B1^OmitX2 >b1 so there is positive bias
.  * 17168.75=10313.86+B2delta
.  * 17168.75=10313.86+.20*delta
.  * delta = 34274.45
. 
end of do-file

. exit, clear
