-------------------------------------------------------------------------------------------------------------------
      name:  <unnamed>
       log:  C:\Users\willi\Documents\PLCY460\Output\Quiz10.log
  log type:  text
 opened on:  24 Nov 2020, 19:39:58

. use "C:\Users\willi\Documents\PLCY460\Master Data\460FinalExam"

. 
. // 6A
. regress h1vehicle raedyrs

      Source |       SS           df       MS      Number of obs   =     4,815
-------------+----------------------------------   F(1, 4813)      =     12.92
       Model |  3.6753e+10         1  3.6753e+10   Prob > F        =    0.0003
    Residual |  1.3689e+13     4,813  2.8442e+09   R-squared       =    0.0027
-------------+----------------------------------   Adj R-squared   =    0.0025
       Total |  1.3726e+13     4,814  2.8512e+09   Root MSE        =     53331

------------------------------------------------------------------------------
   h1vehicle |      Coef.   Std. Err.      t    P>|t|     [95% Conf. Interval]
-------------+----------------------------------------------------------------
     raedyrs |   802.1453   223.1439     3.59   0.000     364.6813    1239.609
       _cons |   4810.625   2868.928     1.68   0.094    -813.7844    10435.03
------------------------------------------------------------------------------

. graph twoway (lfit h1vehicle raedyrs) (scatter h1vehicle raedyrs)

. 
. //6B
. regress h1vehicle raedyrs rameduc rafeduc r1agey_e raracem h1child

      Source |       SS           df       MS      Number of obs   =     4,815
-------------+----------------------------------   F(6, 4808)      =      4.09
       Model |  6.9714e+10         6  1.1619e+10   Prob > F        =    0.0004
    Residual |  1.3656e+13     4,808  2.8403e+09   R-squared       =    0.0051
-------------+----------------------------------   Adj R-squared   =    0.0038
       Total |  1.3726e+13     4,814  2.8512e+09   Root MSE        =     53294

------------------------------------------------------------------------------
   h1vehicle |      Coef.   Std. Err.      t    P>|t|     [95% Conf. Interval]
-------------+----------------------------------------------------------------
     raedyrs |   679.3956   265.0004     2.56   0.010     159.8735    1198.918
     rameduc |   468.0573   299.2162     1.56   0.118    -118.5433    1054.658
     rafeduc |  -235.7178   270.2303    -0.87   0.383    -765.4928    294.0573
    r1agey_e |   54.47649   144.2396     0.38   0.706    -228.2992    337.2522
     raracem |  -4085.299   1637.252    -2.50   0.013    -7295.061    -875.536
     h1child |   553.1791   370.3365     1.49   0.135    -172.8499    1279.208
       _cons |   4058.469   9556.704     0.42   0.671    -14677.04    22793.98
------------------------------------------------------------------------------

. //6c
. regress h1vehicle raedyrs rameduc rafeduc r1agey_e raracem h1child

      Source |       SS           df       MS      Number of obs   =     4,815
-------------+----------------------------------   F(6, 4808)      =      4.09
       Model |  6.9714e+10         6  1.1619e+10   Prob > F        =    0.0004
    Residual |  1.3656e+13     4,808  2.8403e+09   R-squared       =    0.0051
-------------+----------------------------------   Adj R-squared   =    0.0038
       Total |  1.3726e+13     4,814  2.8512e+09   Root MSE        =     53294

------------------------------------------------------------------------------
   h1vehicle |      Coef.   Std. Err.      t    P>|t|     [95% Conf. Interval]
-------------+----------------------------------------------------------------
     raedyrs |   679.3956   265.0004     2.56   0.010     159.8735    1198.918
     rameduc |   468.0573   299.2162     1.56   0.118    -118.5433    1054.658
     rafeduc |  -235.7178   270.2303    -0.87   0.383    -765.4928    294.0573
    r1agey_e |   54.47649   144.2396     0.38   0.706    -228.2992    337.2522
     raracem |  -4085.299   1637.252    -2.50   0.013    -7295.061    -875.536
     h1child |   553.1791   370.3365     1.49   0.135    -172.8499    1279.208
       _cons |   4058.469   9556.704     0.42   0.671    -14677.04    22793.98
------------------------------------------------------------------------------

. regress h1vehicle raedyrs r1agey_e raracem h1child

      Source |       SS           df       MS      Number of obs   =     4,815
-------------+----------------------------------   F(4, 4810)      =      5.52
       Model |  6.2759e+10         4  1.5690e+10   Prob > F        =    0.0002
    Residual |  1.3663e+13     4,810  2.8406e+09   R-squared       =    0.0046
-------------+----------------------------------   Adj R-squared   =    0.0037
       Total |  1.3726e+13     4,814  2.8512e+09   Root MSE        =     53297

------------------------------------------------------------------------------
   h1vehicle |      Coef.   Std. Err.      t    P>|t|     [95% Conf. Interval]
-------------+----------------------------------------------------------------
     raedyrs |   777.0375   231.1051     3.36   0.001     323.9658    1230.109
    r1agey_e |    44.7844    143.835     0.31   0.756    -237.1979    326.7667
     raracem |  -4321.753   1623.265    -2.66   0.008    -7504.096   -1139.411
     h1child |   533.4504   370.0405     1.44   0.149    -191.9982    1258.899
       _cons |   6003.014    9395.58     0.64   0.523    -12416.62    24422.65
------------------------------------------------------------------------------

. // since the R^2 value is greater when you include these two variables they improve the fit of the model
. //6D kinda
. sum

    Variable |        Obs        Mean    Std. Dev.       Min        Max
-------------+---------------------------------------------------------
     raracem |      4,815    1.200208    .4808333          1          3
     raedyrs |      4,815    12.38692    3.444623          0         17
     rameduc |      4,815    9.296054    3.633364          0         17
     rafeduc |      4,815    8.897404    3.993212          0         17
    r1agey_e |      4,815    56.89367    5.401064         23         83
-------------+---------------------------------------------------------
   h1vehicle |      4,815    14746.73       53397          0    3000000
     h1child |      4,815    3.294912    2.128273          0         19
    r1dadliv |      4,815     .168432    .3742883          0          1
    r1momliv |      4,815    .4130841    .4924388          0          1

. //6e
. regress h1vehicle rafeduc if raedyrs==12

      Source |       SS           df       MS      Number of obs   =     1,540
-------------+----------------------------------   F(1, 1538)      =      6.91
       Model |  2.8619e+09         1  2.8619e+09   Prob > F        =    0.0087
    Residual |  6.3697e+11     1,538   414156177   R-squared       =    0.0045
-------------+----------------------------------   Adj R-squared   =    0.0038
       Total |  6.3983e+11     1,539   415746643   Root MSE        =     20351

------------------------------------------------------------------------------
   h1vehicle |      Coef.   Std. Err.      t    P>|t|     [95% Conf. Interval]
-------------+----------------------------------------------------------------
     rafeduc |   404.9334   154.0422     2.63   0.009     102.7784    707.0883
       _cons |   10604.48   1433.413     7.40   0.000      7792.83    13416.13
------------------------------------------------------------------------------

. regress h1vehicle rafeduc if r1dadliv==1

      Source |       SS           df       MS      Number of obs   =       811
-------------+----------------------------------   F(1, 809)       =      5.56
       Model |  1.7904e+10         1  1.7904e+10   Prob > F        =    0.0186
    Residual |  2.6051e+12       809  3.2202e+09   R-squared       =    0.0068
-------------+----------------------------------   Adj R-squared   =    0.0056
       Total |  2.6230e+12       810  3.2383e+09   Root MSE        =     56747

------------------------------------------------------------------------------
   h1vehicle |      Coef.   Std. Err.      t    P>|t|     [95% Conf. Interval]
-------------+----------------------------------------------------------------
     rafeduc |   1186.727    503.294     2.36   0.019     198.8106    2174.643
       _cons |    4938.57   5181.909     0.95   0.341    -5233.003    15110.14
------------------------------------------------------------------------------

. regress h1vehicle rafeduc if (r1momliv==0 &rameduc==16)

      Source |       SS           df       MS      Number of obs   =       104
-------------+----------------------------------   F(1, 102)       =      0.32
       Model |   444171883         1   444171883   Prob > F        =    0.5758
    Residual |  1.4375e+11       102  1.4093e+09   R-squared       =    0.0031
-------------+----------------------------------   Adj R-squared   =   -0.0067
       Total |  1.4419e+11       103  1.3999e+09   Root MSE        =     37540

------------------------------------------------------------------------------
   h1vehicle |      Coef.   Std. Err.      t    P>|t|     [95% Conf. Interval]
-------------+----------------------------------------------------------------
     rafeduc |  -560.1196   997.7119    -0.56   0.576    -2539.077    1418.837
       _cons |   29927.22   13768.86     2.17   0.032     2616.761    57237.68
------------------------------------------------------------------------------

. 
end of do-file

. save "C:\Users\willi\Documents\PLCY460\Master Data\460FinalExam.dta", replace
file C:\Users\willi\Documents\PLCY460\Master Data\460FinalExam.dta saved

. do "C:\Users\willi\Documents\PLCY460\DO Files\Final.do"

. set more off

. clear

. capture log close
